<?xml version="1.0" encoding="UTF-8"?>
<testng-results ignored="0" total="1" passed="1" failed="0" skipped="0">
  <reporter-output>
  </reporter-output>
  <suite started-at="2024-11-27T16:58:19 IST" name="Default suite" finished-at="2024-11-27T17:00:12 IST" duration-ms="112677">
    <groups>
    </groups>
    <test started-at="2024-11-27T16:58:19 IST" name="Default test" finished-at="2024-11-27T17:00:12 IST" duration-ms="112677">
      <class name="com.test.user.Recovery.Basic_Information_AllScenarios">
        <test-method is-config="true" signature="reference()[pri:0, instance:com.test.user.Recovery.Basic_Information_AllScenarios@3943a2be]" started-at="2024-11-27T16:58:19 IST" name="reference" finished-at="2024-11-27T16:58:19 IST" duration-ms="331" status="PASS">
          <reporter-output>
          </reporter-output>
        </test-method> <!-- reference -->
        <test-method signature="RUNALL(java.util.Map,org.testng.ITestContext)[pri:0, instance:com.test.user.Recovery.Basic_Information_AllScenarios@3943a2be]" started-at="2024-11-27T16:58:20 IST" name="RUNALL" data-provider="TestData4" finished-at="2024-11-27T17:00:12 IST" duration-ms="112253" status="PASS">
          <params>
            <param index="0">
              <value>
                <![CDATA[{=, ApproxTotalLabourCount=1000, DocketNumber=HFIIK38743874, EmailAddress=KSIDC.15@gmail.com, Password=KSIDCcp@123#, ProductionCapacityQuantityPerAnnumTest=DWE34DF33333, Run=Yes, TestScenario=Basic_Information_Module, TreasuryReleaseDate=11/11/2024, UdyamNoUdyogAadhaar=UDYAM-MH-19-0044030}]]>
              </value>
            </param>
            <param index="1">
              <value>
                <![CDATA[org.testng.TestRunner@29fc1a2b]]>
              </value>
            </param>
          </params>
          <reporter-output>
          </reporter-output>
        </test-method> <!-- RUNALL -->
      </class> <!-- com.test.user.Recovery.Basic_Information_AllScenarios -->
    </test> <!-- Default test -->
  </suite> <!-- Default suite -->
</testng-results>
